C:\Users\kiran.varghese\Source\Repos\Kiran26cs\AngelFirst\AngelFirst\dist\out-tsc\e2e\app.po.js
C:\Users\kiran.varghese\Source\Repos\Kiran26cs\AngelFirst\AngelFirst\dist\out-tsc\e2e\app.po.js.map
C:\Users\kiran.varghese\Source\Repos\Kiran26cs\AngelFirst\AngelFirst\dist\out-tsc\e2e\app.e2e-spec.js
C:\Users\kiran.varghese\Source\Repos\Kiran26cs\AngelFirst\AngelFirst\dist\out-tsc\e2e\app.e2e-spec.js.map
C:\Users\kiran.varghese\Source\Repos\Kiran26cs\AngelFirst\AngelFirst\dist\out-tsc\src\app\app.component.js
C:\Users\kiran.varghese\Source\Repos\Kiran26cs\AngelFirst\AngelFirst\dist\out-tsc\src\app\app.component.js.map
C:\Users\kiran.varghese\Source\Repos\Kiran26cs\AngelFirst\AngelFirst\dist\out-tsc\src\app\Home\home.component.js
C:\Users\kiran.varghese\Source\Repos\Kiran26cs\AngelFirst\AngelFirst\dist\out-tsc\src\app\Home\home.component.js.map
C:\Users\kiran.varghese\Source\Repos\Kiran26cs\AngelFirst\AngelFirst\dist\out-tsc\src\app\about\about.component.js
C:\Users\kiran.varghese\Source\Repos\Kiran26cs\AngelFirst\AngelFirst\dist\out-tsc\src\app\about\about.component.js.map
C:\Users\kiran.varghese\Source\Repos\Kiran26cs\AngelFirst\AngelFirst\dist\out-tsc\src\app\page-not-found\page-not-found.component.js
C:\Users\kiran.varghese\Source\Repos\Kiran26cs\AngelFirst\AngelFirst\dist\out-tsc\src\app\page-not-found\page-not-found.component.js.map
C:\Users\kiran.varghese\Source\Repos\Kiran26cs\AngelFirst\AngelFirst\dist\out-tsc\src\app\security\router-security.service.js
C:\Users\kiran.varghese\Source\Repos\Kiran26cs\AngelFirst\AngelFirst\dist\out-tsc\src\app\security\router-security.service.js.map
C:\Users\kiran.varghese\Source\Repos\Kiran26cs\AngelFirst\AngelFirst\dist\out-tsc\src\app\app-router.module.js
C:\Users\kiran.varghese\Source\Repos\Kiran26cs\AngelFirst\AngelFirst\dist\out-tsc\src\app\app-router.module.js.map
C:\Users\kiran.varghese\Source\Repos\Kiran26cs\AngelFirst\AngelFirst\dist\out-tsc\src\app\app.module.js
C:\Users\kiran.varghese\Source\Repos\Kiran26cs\AngelFirst\AngelFirst\dist\out-tsc\src\app\app.module.js.map
C:\Users\kiran.varghese\Source\Repos\Kiran26cs\AngelFirst\AngelFirst\dist\out-tsc\src\environments\environment.js
C:\Users\kiran.varghese\Source\Repos\Kiran26cs\AngelFirst\AngelFirst\dist\out-tsc\src\environments\environment.js.map
C:\Users\kiran.varghese\Source\Repos\Kiran26cs\AngelFirst\AngelFirst\dist\out-tsc\src\main.js
C:\Users\kiran.varghese\Source\Repos\Kiran26cs\AngelFirst\AngelFirst\dist\out-tsc\src\main.js.map
C:\Users\kiran.varghese\Source\Repos\Kiran26cs\AngelFirst\AngelFirst\dist\out-tsc\src\polyfills.js
C:\Users\kiran.varghese\Source\Repos\Kiran26cs\AngelFirst\AngelFirst\dist\out-tsc\src\polyfills.js.map
C:\Users\kiran.varghese\Source\Repos\Kiran26cs\AngelFirst\AngelFirst\dist\out-tsc\src\test.js
C:\Users\kiran.varghese\Source\Repos\Kiran26cs\AngelFirst\AngelFirst\dist\out-tsc\src\test.js.map
C:\Users\kiran.varghese\Source\Repos\Kiran26cs\AngelFirst\AngelFirst\dist\out-tsc\src\app\app.component.spec.js
C:\Users\kiran.varghese\Source\Repos\Kiran26cs\AngelFirst\AngelFirst\dist\out-tsc\src\app\app.component.spec.js.map
C:\Users\kiran.varghese\Source\Repos\Kiran26cs\AngelFirst\AngelFirst\dist\out-tsc\src\environments\environment.prod.js
C:\Users\kiran.varghese\Source\Repos\Kiran26cs\AngelFirst\AngelFirst\dist\out-tsc\src\environments\environment.prod.js.map
C:\Users\kiran.varghese\Source\Repos\Kiran26cs\AngelFirst\AngelFirst\dist\out-tsc\src\app\page-not-found\page-not-found.component.spec.js
C:\Users\kiran.varghese\Source\Repos\Kiran26cs\AngelFirst\AngelFirst\dist\out-tsc\src\app\page-not-found\page-not-found.component.spec.js.map
C:\Users\kiran.varghese\Source\Repos\Kiran26cs\AngelFirst\AngelFirst\dist\out-tsc\src\app\profile-management\profile-management.component.js
C:\Users\kiran.varghese\Source\Repos\Kiran26cs\AngelFirst\AngelFirst\dist\out-tsc\src\app\profile-management\profile-management.component.js.map
C:\Users\kiran.varghese\Source\Repos\Kiran26cs\AngelFirst\AngelFirst\dist\out-tsc\src\app\profile-management\profile-management.component.spec.js
C:\Users\kiran.varghese\Source\Repos\Kiran26cs\AngelFirst\AngelFirst\dist\out-tsc\src\app\profile-management\profile-management.component.spec.js.map
C:\Users\kiran.varghese\Source\Repos\Kiran26cs\AngelFirst\AngelFirst\dist\out-tsc\src\app\profile-management\profile-router.module.js
C:\Users\kiran.varghese\Source\Repos\Kiran26cs\AngelFirst\AngelFirst\dist\out-tsc\src\app\profile-management\profile-router.module.js.map
C:\Users\kiran.varghese\Source\Repos\Kiran26cs\AngelFirst\AngelFirst\dist\out-tsc\src\app\profile-management\profile.module.js
C:\Users\kiran.varghese\Source\Repos\Kiran26cs\AngelFirst\AngelFirst\dist\out-tsc\src\app\profile-management\profile.module.js.map
